<?xml version="1.0" encoding="UTF-8"?>
<!-- Generated by org.testng.reporters.JUnitXMLReporter -->
<testsuite ignored="0" hostname="DESKTOP-C7NA17M" failures="1" tests="9" name="Test" time="81.581" errors="0" timestamp="21 Feb 2021 02:53:36 GMT">
  <testcase classname="com.mystore.qa.tests.AuthenticationPageTest" name="loginMyStoreApp" time="0.047">
    <failure type="java.lang.NullPointerException">
      <![CDATA[java.lang.NullPointerException
at java.base/java.util.Objects.requireNonNull(Objects.java:208)
at org.openqa.selenium.support.ui.FluentWait.<init>(FluentWait.java:106)
at org.openqa.selenium.support.ui.WebDriverWait.<init>(WebDriverWait.java:85)
at org.openqa.selenium.support.ui.WebDriverWait.<init>(WebDriverWait.java:45)
at com.mystore.qa.factories.ExplicitWaitFactory.performExplicitWait(ExplicitWaitFactory.java:17)
at com.mystore.qa.basePage.BasePage.doClick(BasePage.java:29)
at com.mystore.qa.pages.MyStoreIndexPage.doClickSignInLink(MyStoreIndexPage.java:34)
at com.mystore.qa.tests.AuthenticationPageTest.loginMyStoreApp(AuthenticationPageTest.java:13)
at java.base/java.util.concurrent.ThreadPoolExecutor.runWorker(ThreadPoolExecutor.java:1130)
at java.base/java.util.concurrent.ThreadPoolExecutor$Worker.run(ThreadPoolExecutor.java:630)
at java.base/java.lang.Thread.run(Thread.java:832)
... Removed 10 stack frames]]>
    </failure>
  </testcase> <!-- loginMyStoreApp -->
  <testcase classname="com.mystore.qa.tests.MyStoreIndexPageTest" name="validateMyStoreTitle" time="0.093"/>
  <testcase classname="com.mystore.qa.tests.OrderPageTest" name="addItemToShoppingCart" time="13.438"/>
  <testcase classname="com.mystore.qa.tests.MyStoreIndexPageTest" name="validateMyStoreLogo" time="0.059"/>
  <testcase classname="com.mystore.qa.tests.OrderPageTest" name="deleteItemFromShoppingCart" time="17.377"/>
  <testcase classname="com.mystore.qa.tests.MyStoreIndexPageTest" name="clickSignInLink" time="1.143"/>
  <testcase classname="com.mystore.qa.tests.MyStoreIndexPageTest" name="searchProduct" time="1.875"/>
  <testcase classname="com.mystore.qa.tests.MyStoreIndexPageTest" name="searchInvalidProduct" time="1.584"/>
  <testcase classname="com.mystore.qa.tests.MyStoreIndexPageTest" name="validateStoreInformationFooter" time="0.742"/>
</testsuite> <!-- Test -->
