<?xml version="1.0" encoding="UTF-8"?>
<!-- Generated by org.testng.reporters.JUnitXMLReporter -->
<testsuite ignored="0" hostname="DESKTOP-C7NA17M" failures="7" tests="9" name="Test" time="55.711" errors="0" timestamp="23 Feb 2021 13:34:36 GMT">
  <testcase classname="com.mystore.qa.tests.MyStoreIndexPageTest" name="validateMyStoreTitle" time="0.572">
    <failure type="java.io.FileNotFoundException" message="C:\Users\jhali\OneDrive\Escritorio\Project\src\test\resources\excel\testdata.xlsx (El sistema no puede encontrar la ruta especificada)">
      <![CDATA[java.io.FileNotFoundException: C:\Users\jhali\OneDrive\Escritorio\Project\src\test\resources\excel\testdata.xlsx (El sistema no puede encontrar la ruta especificada)
at java.base/java.io.FileInputStream.open0(Native Method)
at java.base/java.io.FileInputStream.open(FileInputStream.java:211)
at java.base/java.io.FileInputStream.<init>(FileInputStream.java:153)
at java.base/java.io.FileInputStream.<init>(FileInputStream.java:108)
at com.mystore.qa.utils.ExcelUtils.getCellStringData(ExcelUtils.java:20)
at com.mystore.qa.tests.MyStoreIndexPageTest.validateMyStoreTitle(MyStoreIndexPageTest.java:21)
at java.base/java.util.concurrent.ThreadPoolExecutor.runWorker(ThreadPoolExecutor.java:1130)
at java.base/java.util.concurrent.ThreadPoolExecutor$Worker.run(ThreadPoolExecutor.java:630)
at java.base/java.lang.Thread.run(Thread.java:832)
... Removed 10 stack frames]]>
    </failure>
  </testcase> <!-- validateMyStoreTitle -->
  <testcase classname="com.mystore.qa.tests.AuthenticationPageTest" name="loginMyStoreApp" time="3.822">
    <failure type="java.io.FileNotFoundException" message="C:\Users\jhali\OneDrive\Escritorio\Project\src\test\resources\excel\testdata.xlsx (El sistema no puede encontrar la ruta especificada)">
      <![CDATA[java.io.FileNotFoundException: C:\Users\jhali\OneDrive\Escritorio\Project\src\test\resources\excel\testdata.xlsx (El sistema no puede encontrar la ruta especificada)
at java.base/java.io.FileInputStream.open0(Native Method)
at java.base/java.io.FileInputStream.open(FileInputStream.java:211)
at java.base/java.io.FileInputStream.<init>(FileInputStream.java:153)
at java.base/java.io.FileInputStream.<init>(FileInputStream.java:108)
at com.mystore.qa.utils.ExcelUtils.getCellStringData(ExcelUtils.java:20)
at com.mystore.qa.tests.AuthenticationPageTest.loginMyStoreApp(AuthenticationPageTest.java:17)
at java.base/java.util.concurrent.ThreadPoolExecutor.runWorker(ThreadPoolExecutor.java:1130)
at java.base/java.util.concurrent.ThreadPoolExecutor$Worker.run(ThreadPoolExecutor.java:630)
at java.base/java.lang.Thread.run(Thread.java:832)
... Removed 10 stack frames]]>
    </failure>
  </testcase> <!-- loginMyStoreApp -->
  <testcase classname="com.mystore.qa.tests.OrderPageTest" name="addItemToShoppingCart" time="3.772">
    <failure type="java.io.FileNotFoundException" message="C:\Users\jhali\OneDrive\Escritorio\Project\src\test\resources\excel\testdata.xlsx (El sistema no puede encontrar la ruta especificada)">
      <![CDATA[java.io.FileNotFoundException: C:\Users\jhali\OneDrive\Escritorio\Project\src\test\resources\excel\testdata.xlsx (El sistema no puede encontrar la ruta especificada)
at java.base/java.io.FileInputStream.open0(Native Method)
at java.base/java.io.FileInputStream.open(FileInputStream.java:211)
at java.base/java.io.FileInputStream.<init>(FileInputStream.java:153)
at java.base/java.io.FileInputStream.<init>(FileInputStream.java:108)
at com.mystore.qa.utils.ExcelUtils.getCellStringData(ExcelUtils.java:20)
at com.mystore.qa.tests.OrderPageTest.addItemToShoppingCart(OrderPageTest.java:23)
at java.base/java.util.concurrent.ThreadPoolExecutor.runWorker(ThreadPoolExecutor.java:1130)
at java.base/java.util.concurrent.ThreadPoolExecutor$Worker.run(ThreadPoolExecutor.java:630)
at java.base/java.lang.Thread.run(Thread.java:832)
... Removed 10 stack frames]]>
    </failure>
  </testcase> <!-- addItemToShoppingCart -->
  <testcase classname="com.mystore.qa.tests.MyStoreIndexPageTest" name="validateMyStoreLogo" time="0.14"/>
  <testcase classname="com.mystore.qa.tests.OrderPageTest" name="deleteItemFromShoppingCart" time="2.062">
    <failure type="java.io.FileNotFoundException" message="C:\Users\jhali\OneDrive\Escritorio\Project\src\test\resources\excel\testdata.xlsx (El sistema no puede encontrar la ruta especificada)">
      <![CDATA[java.io.FileNotFoundException: C:\Users\jhali\OneDrive\Escritorio\Project\src\test\resources\excel\testdata.xlsx (El sistema no puede encontrar la ruta especificada)
at java.base/java.io.FileInputStream.open0(Native Method)
at java.base/java.io.FileInputStream.open(FileInputStream.java:211)
at java.base/java.io.FileInputStream.<init>(FileInputStream.java:153)
at java.base/java.io.FileInputStream.<init>(FileInputStream.java:108)
at com.mystore.qa.utils.ExcelUtils.getCellStringData(ExcelUtils.java:20)
at com.mystore.qa.tests.OrderPageTest.deleteItemFromShoppingCart(OrderPageTest.java:43)
at java.base/java.util.concurrent.ThreadPoolExecutor.runWorker(ThreadPoolExecutor.java:1130)
at java.base/java.util.concurrent.ThreadPoolExecutor$Worker.run(ThreadPoolExecutor.java:630)
at java.base/java.lang.Thread.run(Thread.java:832)
... Removed 10 stack frames]]>
    </failure>
  </testcase> <!-- deleteItemFromShoppingCart -->
  <testcase classname="com.mystore.qa.tests.MyStoreIndexPageTest" name="clickSignInLink" time="2.029"/>
  <testcase classname="com.mystore.qa.tests.MyStoreIndexPageTest" name="searchProduct" time="0.005">
    <failure type="java.io.FileNotFoundException" message="C:\Users\jhali\OneDrive\Escritorio\Project\src\test\resources\excel\testdata.xlsx (El sistema no puede encontrar la ruta especificada)">
      <![CDATA[java.io.FileNotFoundException: C:\Users\jhali\OneDrive\Escritorio\Project\src\test\resources\excel\testdata.xlsx (El sistema no puede encontrar la ruta especificada)
at java.base/java.io.FileInputStream.open0(Native Method)
at java.base/java.io.FileInputStream.open(FileInputStream.java:211)
at java.base/java.io.FileInputStream.<init>(FileInputStream.java:153)
at java.base/java.io.FileInputStream.<init>(FileInputStream.java:108)
at com.mystore.qa.utils.ExcelUtils.getCellStringData(ExcelUtils.java:20)
at com.mystore.qa.tests.MyStoreIndexPageTest.searchProduct(MyStoreIndexPageTest.java:40)
at java.base/java.util.concurrent.ThreadPoolExecutor.runWorker(ThreadPoolExecutor.java:1130)
at java.base/java.util.concurrent.ThreadPoolExecutor$Worker.run(ThreadPoolExecutor.java:630)
at java.base/java.lang.Thread.run(Thread.java:832)
... Removed 10 stack frames]]>
    </failure>
  </testcase> <!-- searchProduct -->
  <testcase classname="com.mystore.qa.tests.MyStoreIndexPageTest" name="searchInvalidProduct" time="0.005">
    <failure type="java.io.FileNotFoundException" message="C:\Users\jhali\OneDrive\Escritorio\Project\src\test\resources\excel\testdata.xlsx (El sistema no puede encontrar la ruta especificada)">
      <![CDATA[java.io.FileNotFoundException: C:\Users\jhali\OneDrive\Escritorio\Project\src\test\resources\excel\testdata.xlsx (El sistema no puede encontrar la ruta especificada)
at java.base/java.io.FileInputStream.open0(Native Method)
at java.base/java.io.FileInputStream.open(FileInputStream.java:211)
at java.base/java.io.FileInputStream.<init>(FileInputStream.java:153)
at java.base/java.io.FileInputStream.<init>(FileInputStream.java:108)
at com.mystore.qa.utils.ExcelUtils.getCellStringData(ExcelUtils.java:20)
at com.mystore.qa.tests.MyStoreIndexPageTest.searchInvalidProduct(MyStoreIndexPageTest.java:49)
at java.base/java.util.concurrent.ThreadPoolExecutor.runWorker(ThreadPoolExecutor.java:1130)
at java.base/java.util.concurrent.ThreadPoolExecutor$Worker.run(ThreadPoolExecutor.java:630)
at java.base/java.lang.Thread.run(Thread.java:832)
... Removed 10 stack frames]]>
    </failure>
  </testcase> <!-- searchInvalidProduct -->
  <testcase classname="com.mystore.qa.tests.MyStoreIndexPageTest" name="validateStoreInformationFooter" time="0.431">
    <failure type="java.io.FileNotFoundException" message="C:\Users\jhali\OneDrive\Escritorio\Project\src\test\resources\excel\testdata.xlsx (El sistema no puede encontrar la ruta especificada)">
      <![CDATA[java.io.FileNotFoundException: C:\Users\jhali\OneDrive\Escritorio\Project\src\test\resources\excel\testdata.xlsx (El sistema no puede encontrar la ruta especificada)
at java.base/java.io.FileInputStream.open0(Native Method)
at java.base/java.io.FileInputStream.open(FileInputStream.java:211)
at java.base/java.io.FileInputStream.<init>(FileInputStream.java:153)
at java.base/java.io.FileInputStream.<init>(FileInputStream.java:108)
at com.mystore.qa.utils.ExcelUtils.getCellStringData(ExcelUtils.java:20)
at com.mystore.qa.tests.MyStoreIndexPageTest.validateStoreInformationFooter(MyStoreIndexPageTest.java:58)
at java.base/java.util.concurrent.ThreadPoolExecutor.runWorker(ThreadPoolExecutor.java:1130)
at java.base/java.util.concurrent.ThreadPoolExecutor$Worker.run(ThreadPoolExecutor.java:630)
at java.base/java.lang.Thread.run(Thread.java:832)
... Removed 10 stack frames]]>
    </failure>
  </testcase> <!-- validateStoreInformationFooter -->
</testsuite> <!-- Test -->
