<?xml version="1.0" encoding="UTF-8"?>
<testng-results ignored="0" total="1" passed="1" failed="0" skipped="0">
  <reporter-output>
  </reporter-output>
  <suite started-at="2021-02-21T17:31:42Z" name="Default suite" finished-at="2021-02-21T17:31:59Z" duration-ms="17175">
    <groups>
    </groups>
    <test started-at="2021-02-21T17:31:42Z" name="Default test" finished-at="2021-02-21T17:31:59Z" duration-ms="17175">
      <class name="com.mystore.qa.tests.AuthenticationPageTest">
        <test-method is-config="true" signature="setUp()[pri:0, instance:com.mystore.qa.tests.AuthenticationPageTest@176b75f7]" started-at="2021-02-21T17:31:42Z" name="setUp" finished-at="2021-02-21T17:31:47Z" duration-ms="5545" status="PASS">
          <reporter-output>
          </reporter-output>
        </test-method> <!-- setUp -->
        <test-method signature="loginMyStoreApp()[pri:0, instance:com.mystore.qa.tests.AuthenticationPageTest@176b75f7]" started-at="2021-02-21T17:31:47Z" name="loginMyStoreApp" finished-at="2021-02-21T17:31:58Z" duration-ms="10384" status="PASS">
          <reporter-output>
          </reporter-output>
        </test-method> <!-- loginMyStoreApp -->
        <test-method is-config="true" signature="tearDown()[pri:0, instance:com.mystore.qa.tests.AuthenticationPageTest@176b75f7]" started-at="2021-02-21T17:31:58Z" name="tearDown" finished-at="2021-02-21T17:31:59Z" duration-ms="783" status="PASS">
          <reporter-output>
          </reporter-output>
        </test-method> <!-- tearDown -->
      </class> <!-- com.mystore.qa.tests.AuthenticationPageTest -->
    </test> <!-- Default test -->
  </suite> <!-- Default suite -->
</testng-results>
